2025-12-03 19:49:00 | WARN | repo=openwrt | action=commit
2024-09-04 16:07:00 | DEBUG | repo=openwrt | action=commit
2024-10-16 19:50:00 | WARN | repo=openwrt | action=edit | files=1
2025-09-11 20:10:00 | DEBUG | repo=openwrt | action=commit
2025-08-12 12:01:00 | DEBUG | repo=openwrt | action=commit
2024-11-06 08:31:00 | WARN | repo=openwrt | action=commit
2024-05-06 10:02:00 | DEBUG | repo=openwrt | action=commit
2024-09-06 18:45:00 | WARN | repo=openwrt | action=commit
2025-12-11 18:20:00 | INFO | repo=openwrt | action=edit | files=2
2025-11-27 08:17:00 | WARN | repo=openwrt | action=commit
2024-09-10 20:05:00 | WARN | repo=openwrt | action=commit
2025-09-16 13:20:00 | INFO | repo=openwrt | action=pull
2025-03-03 21:10:00 | WARN | repo=openwrt | action=commit
2025-01-28 10:10:00 | DEBUG | repo=openwrt | action=commit
2024-08-14 08:06:00 | WARN | repo=openwrt | action=commit
2024-12-13 20:29:00 | INFO | repo=openwrt | action=commit
2025-01-12 09:55:00 | INFO | repo=openwrt | action=test | passed=true
2025-08-15 07:17:00 | DEBUG | repo=openwrt | action=commit
2024-05-09 07:32:00 | DEBUG | repo=openwrt | action=edit | files=2
2024-10-28 18:17:00 | DEBUG | repo=openwrt | action=edit | files=3
2024-06-28 08:50:00 | INFO | repo=openwrt | action=test | passed=true
2025-05-15 15:35:00 | DEBUG | repo=openwrt | action=test | passed=true
2024-05-12 11:46:00 | INFO | repo=openwrt | action=edit | files=2
2025-09-09 19:23:00 | WARN | repo=openwrt | action=commit
2024-10-15 11:05:00 | INFO | repo=openwrt | action=commit
2025-10-11 20:20:00 | INFO | repo=openwrt | action=commit
2025-03-10 13:34:00 | DEBUG | repo=openwrt | action=commit
2025-06-16 07:21:00 | INFO | repo=openwrt | action=pull
2025-05-26 15:24:00 | DEBUG | repo=openwrt | action=test | passed=true
2025-11-23 08:54:00 | WARN | repo=openwrt | action=commit
2025-11-10 08:17:00 | WARN | repo=openwrt | action=commit
2025-01-05 20:09:00 | DEBUG | repo=openwrt | action=commit
2025-05-17 08:02:00 | WARN | repo=openwrt | action=commit
2025-02-19 10:46:00 | DEBUG | repo=openwrt | action=commit
2025-06-02 13:59:00 | DEBUG | repo=openwrt | action=pull
2025-08-19 21:51:00 | WARN | repo=openwrt | action=commit
2025-04-08 16:49:00 | INFO | repo=openwrt | action=commit
2025-08-27 16:13:00 | INFO | repo=openwrt | action=test | passed=true
2025-08-28 14:10:00 | WARN | repo=openwrt | action=commit
2025-11-05 21:43:00 | WARN | repo=openwrt | action=commit
2025-09-10 09:59:00 | DEBUG | repo=openwrt | action=commit
2025-05-15 07:47:00 | WARN | repo=openwrt | action=commit
2025-12-23 12:19:00 | WARN | repo=openwrt | action=commit
2025-07-13 19:26:00 | INFO | repo=openwrt | action=pull
2025-06-11 15:16:00 | DEBUG | repo=openwrt | action=commit
2025-05-04 18:50:00 | INFO | repo=openwrt | action=commit
2025-09-16 18:11:00 | INFO | repo=openwrt | action=test | passed=true
2025-12-24 07:37:00 | WARN | repo=openwrt | action=edit | files=4
2025-12-24 21:44:00 | DEBUG | repo=openwrt | action=commit
2025-01-09 15:16:00 | WARN | repo=openwrt | action=pull
2025-11-07 09:40:00 | DEBUG | repo=openwrt | action=commit
2025-01-08 12:42:00 | WARN | repo=openwrt | action=pull
2025-11-20 20:10:00 | WARN | repo=openwrt | action=commit
2025-08-02 07:42:00 | WARN | repo=openwrt | action=commit
2025-01-21 12:20:00 | INFO | repo=openwrt | action=commit
2025-03-02 16:06:00 | INFO | repo=openwrt | action=commit
2025-08-20 07:47:00 | WARN | repo=openwrt | action=commit
2025-02-12 21:11:00 | INFO | repo=openwrt | action=commit
2025-01-19 09:39:00 | DEBUG | repo=openwrt | action=commit
2025-02-23 13:41:00 | INFO | repo=openwrt | action=commit
2025-08-14 16:44:00 | WARN | repo=openwrt | action=commit
2025-04-24 10:11:00 | WARN | repo=openwrt | action=test | passed=true
2025-12-19 10:21:00 | INFO | repo=openwrt | action=pull
2025-05-17 21:54:00 | INFO | repo=openwrt | action=commit
2025-06-06 11:55:00 | DEBUG | repo=openwrt | action=commit
2025-11-28 18:45:00 | WARN | repo=openwrt | action=commit
2025-01-17 18:20:00 | DEBUG | repo=openwrt | action=test | passed=true
2025-11-09 18:09:00 | INFO | repo=openwrt | action=commit
2025-09-08 13:10:00 | WARN | repo=openwrt | action=test | passed=true
2025-12-07 07:22:00 | INFO | repo=openwrt | action=commit
2025-04-02 17:45:00 | DEBUG | repo=openwrt | action=commit
2025-04-17 18:11:00 | DEBUG | repo=openwrt | action=test | passed=true
2025-12-24 16:11:00 | DEBUG | repo=openwrt | action=commit
2025-01-09 11:58:00 | WARN | repo=openwrt | action=commit
2025-07-08 20:01:00 | INFO | repo=openwrt | action=test | passed=true
2025-07-04 11:20:00 | DEBUG | repo=openwrt | action=commit
2025-06-08 18:54:00 | DEBUG | repo=openwrt | action=commit
2025-02-05 07:39:00 | INFO | repo=openwrt | action=edit | files=4
2025-05-02 07:01:00 | WARN | repo=openwrt | action=pull
2025-06-05 20:15:00 | WARN | repo=openwrt | action=commit
